#
# There is insufficient memory for the Java Runtime Environment to continue.
# Native memory allocation (mmap) failed to map 132120576 bytes for G1 virtual space
# Possible reasons:
#   The system is out of physical RAM or swap space
#   The process is running with CompressedOops enabled, and the Java Heap may be blocking the growth of the native heap
# Possible solutions:
#   Reduce memory load on the system
#   Increase physical memory or swap space
#   Check if swap backing store is full
#   Decrease Java heap size (-Xmx/-Xms)
#   Decrease number of Java threads
#   Decrease Java thread stack sizes (-Xss)
#   Set larger code cache with -XX:ReservedCodeCacheSize=
#   JVM is running with Unscaled Compressed Oops mode in which the Java heap is
#     placed in the first 4GB address space. The Java Heap base address is the
#     maximum limit for the native heap growth. Please use -XX:HeapBaseMinAddress
#     to set the Java Heap base and to place the Java Heap above 4GB virtual address.
# This output file may be truncated or incomplete.
#
#  Out of Memory Error (os_windows.cpp:3466), pid=2412, tid=14524
#
# JRE version:  (16.0.1+9) (build )
# Java VM: Java HotSpot(TM) 64-Bit Server VM (16.0.1+9-24, mixed mode, sharing, tiered, compressed oops, compressed class ptrs, g1 gc, windows-amd64)
# No core dump will be written. Minidumps are not enabled by default on client versions of Windows
#

---------------  S U M M A R Y ------------

Command Line: -XX:TieredStopAtLevel=1 -Xverify:none -Dspring.output.ansi.enabled=always -javaagent:D:\Programy\IntelliJ IDEA 2021.2.3\lib\idea_rt.jar=56742:D:\Programy\IntelliJ IDEA 2021.2.3\bin -Dcom.sun.management.jmxremote -Dspring.jmx.enabled=true -Dspring.liveBeansView.mbeanDomain -Dspring.application.admin.enabled=true -Dfile.encoding=UTF-8 com.example.monitorowaniejednostekmorskich.MonitorowanieJednostekMorskichApplication

Host: Intel(R) Core(TM) i5-3210M CPU @ 2.50GHz, 4 cores, 7G,  Windows 10 , 64 bit Build 19041 (10.0.19041.1348)
Time: Mon Jan 31 19:45:03 2022  Windows 10 , 64 bit Build 19041 (10.0.19041.1348) elapsed time: 0.044370 seconds (0d 0h 0m 0s)

---------------  T H R E A D  ---------------

Current thread (0x00000210bf80c1c0):  JavaThread "Unknown thread" [_thread_in_vm, id=14524, stack(0x000000ffd9d00000,0x000000ffd9e00000)]

Stack: [0x000000ffd9d00000,0x000000ffd9e00000]
Native frames: (J=compiled Java code, j=interpreted, Vv=VM code, C=native code)
V  [jvm.dll+0x6687ca]
V  [jvm.dll+0x7ca3c9]
V  [jvm.dll+0x7cbb53]
V  [jvm.dll+0x7cc1b3]
V  [jvm.dll+0x242ea5]
V  [jvm.dll+0x665589]
V  [jvm.dll+0x65a175]
V  [jvm.dll+0x2fc5ab]
V  [jvm.dll+0x3037a6]
V  [jvm.dll+0x352fee]
V  [jvm.dll+0x35321f]
V  [jvm.dll+0x2d3618]
V  [jvm.dll+0x2d4854]
V  [jvm.dll+0x79ccb1]
V  [jvm.dll+0x360de1]
V  [jvm.dll+0x77a990]
V  [jvm.dll+0x3e55af]
V  [jvm.dll+0x3e7081]
C  [jli.dll+0x52fb]
C  [ucrtbase.dll+0x21bb2]
C  [KERNEL32.DLL+0x17034]
C  [ntdll.dll+0x52651]


---------------  P R O C E S S  ---------------

Threads class SMR info:
_java_thread_list=0x00007ffb1175cbb8, length=0, elements={
}

Java Threads: ( => current thread )

Other Threads:
  0x00000210bf849ee0 GCTaskThread "GC Thread#0" [stack: 0x000000ffd9e00000,0x000000ffd9f00000] [id=12740]
  0x00000210bf85bb30 ConcurrentGCThread "G1 Main Marker" [stack: 0x000000ffd9f00000,0x000000ffda000000] [id=11232]
  0x00000210bf85c670 ConcurrentGCThread "G1 Conc#0" [stack: 0x000000ffda000000,0x000000ffda100000] [id=9968]

[error occurred during error reporting (printing all threads), id 0xc0000005, EXCEPTION_ACCESS_VIOLATION (0xc0000005) at pc=0x00007ffb10f344d7]

VM state: not at safepoint (not fully initialized)

VM Mutex/Monitor currently owned by a thread:  ([mutex/lock_event])
[0x00000210bf8088d0] Heap_lock - owner thread: 0x00000210bf80c1c0

Heap address: 0x0000000082000000, size: 2016 MB, Compressed Oops mode: 32-bit

CDS archive(s) mapped at: [0x0000000000000000-0x0000000000000000-0x0000000000000000), size 0, SharedBaseAddress: 0x0000000800000000, ArchiveRelocationMode: 0.
Narrow klass base: 0x0000000000000000, Narrow klass shift: 0, Narrow klass range: 0x0

GC Precious Log:
<Empty>

Heap:
 garbage-first heap   total 0K, used 0K [0x0000000082000000, 0x0000000100000000)
  region size 1024K, 0 young (0K), 0 survivors (0K)

[error occurred during error reporting (printing heap information), id 0xc0000005, EXCEPTION_ACCESS_VIOLATION (0xc0000005) at pc=0x00007ffb113124ed]

GC Heap History (0 events):
No events

Deoptimization events (0 events):
No events

Classes unloaded (0 events):
No events

Classes redefined (0 events):
No events

Internal exceptions (0 events):
No events

Events (1 events):
Event: 0.028 Loaded shared library C:\Program Files\Java\jdk-16.0.1\bin\java.dll


Dynamic libraries:
0x00007ff6723d0000 - 0x00007ff6723e0000 	C:\Program Files\Java\jdk-16.0.1\bin\java.exe
0x00007ffb58570000 - 0x00007ffb58765000 	C:\WINDOWS\SYSTEM32\ntdll.dll
0x00007ffb2a840000 - 0x00007ffb2a856000 	C:\Program Files\AVAST Software\Avast\aswhook.dll
0x00007ffb566e0000 - 0x00007ffb5679e000 	C:\WINDOWS\System32\KERNEL32.DLL
0x00007ffb55e60000 - 0x00007ffb56128000 	C:\WINDOWS\System32\KERNELBASE.dll
0x00007ffb55d60000 - 0x00007ffb55e60000 	C:\WINDOWS\System32\ucrtbase.dll
0x00007ffb4b320000 - 0x00007ffb4b338000 	C:\Program Files\Java\jdk-16.0.1\bin\jli.dll
0x00007ffb567a0000 - 0x00007ffb5684c000 	C:\WINDOWS\System32\ADVAPI32.dll
0x00007ffb57460000 - 0x00007ffb574fe000 	C:\WINDOWS\System32\msvcrt.dll
0x00007ffb57840000 - 0x00007ffb578db000 	C:\WINDOWS\System32\sechost.dll
0x00007ffb578e0000 - 0x00007ffb57a0a000 	C:\WINDOWS\System32\RPCRT4.dll
0x00007ffb57500000 - 0x00007ffb576a1000 	C:\WINDOWS\System32\USER32.dll
0x00007ffb56580000 - 0x00007ffb565a2000 	C:\WINDOWS\System32\win32u.dll
0x00007ffb565e0000 - 0x00007ffb5660b000 	C:\WINDOWS\System32\GDI32.dll
0x00007ffb56470000 - 0x00007ffb5657d000 	C:\WINDOWS\System32\gdi32full.dll
0x00007ffb56370000 - 0x00007ffb5640d000 	C:\WINDOWS\System32\msvcp_win.dll
0x00007ffb4b300000 - 0x00007ffb4b319000 	C:\Program Files\Java\jdk-16.0.1\bin\VCRUNTIME140.dll
0x00007ffb44b10000 - 0x00007ffb44daa000 	C:\WINDOWS\WinSxS\amd64_microsoft.windows.common-controls_6595b64144ccf1df_6.0.19041.1110_none_60b5254171f9507e\COMCTL32.dll
0x00007ffb4b590000 - 0x00007ffb4b59a000 	C:\WINDOWS\SYSTEM32\VERSION.dll
0x00007ffb565b0000 - 0x00007ffb565e0000 	C:\WINDOWS\System32\IMM32.DLL
0x00007ffb49ef0000 - 0x00007ffb49efc000 	C:\Program Files\Java\jdk-16.0.1\bin\vcruntime140_1.dll
0x00007ffb2ae60000 - 0x00007ffb2aef1000 	C:\Program Files\Java\jdk-16.0.1\bin\msvcp140.dll
0x00007ffb10c50000 - 0x00007ffb117fb000 	C:\Program Files\Java\jdk-16.0.1\bin\server\jvm.dll
0x00007ffb571e0000 - 0x00007ffb571e8000 	C:\WINDOWS\System32\PSAPI.DLL
0x00007ffb432c0000 - 0x00007ffb432c9000 	C:\WINDOWS\SYSTEM32\WSOCK32.dll
0x00007ffb57d70000 - 0x00007ffb57ddb000 	C:\WINDOWS\System32\WS2_32.dll
0x00007ffb49000000 - 0x00007ffb49027000 	C:\WINDOWS\SYSTEM32\WINMM.dll
0x00007ffb53b70000 - 0x00007ffb53b82000 	C:\WINDOWS\SYSTEM32\kernel.appcore.dll
0x00007ffb49060000 - 0x00007ffb4906a000 	C:\Program Files\Java\jdk-16.0.1\bin\jimage.dll
0x00007ffb4af50000 - 0x00007ffb4b134000 	C:\WINDOWS\SYSTEM32\DBGHELP.DLL
0x00007ffb4aeb0000 - 0x00007ffb4aedc000 	C:\WINDOWS\SYSTEM32\dbgcore.DLL
0x00007ffb55c80000 - 0x00007ffb55d02000 	C:\WINDOWS\System32\bcryptPrimitives.dll
0x00007ffb47fd0000 - 0x00007ffb47fde000 	C:\Program Files\Java\jdk-16.0.1\bin\instrument.dll
0x00007ffb444c0000 - 0x00007ffb444e5000 	C:\Program Files\Java\jdk-16.0.1\bin\java.dll

dbghelp: loaded successfully - version: 4.0.5 - missing functions: none
symbol engine: initialized successfully - sym options: 0x614 - pdb path: .;C:\Program Files\Java\jdk-16.0.1\bin;C:\WINDOWS\SYSTEM32;C:\Program Files\AVAST Software\Avast;C:\WINDOWS\WinSxS\amd64_microsoft.windows.common-controls_6595b64144ccf1df_6.0.19041.1110_none_60b5254171f9507e;C:\Program Files\Java\jdk-16.0.1\bin\server

VM Arguments:
jvm_args: -XX:TieredStopAtLevel=1 -Xverify:none -Dspring.output.ansi.enabled=always -javaagent:D:\Programy\IntelliJ IDEA 2021.2.3\lib\idea_rt.jar=56742:D:\Programy\IntelliJ IDEA 2021.2.3\bin -Dcom.sun.management.jmxremote -Dspring.jmx.enabled=true -Dspring.liveBeansView.mbeanDomain -Dspring.application.admin.enabled=true -Dfile.encoding=UTF-8 
java_command: com.example.monitorowaniejednostekmorskich.MonitorowanieJednostekMorskichApplication
java_class_path (initial): D:\Programowanie\monitorowanie-jednostek-morskich\target\classes;C:\Users\Kubek\.m2\repository\org\springframework\boot\spring-boot-starter-thymeleaf\2.6.3\spring-boot-starter-thymeleaf-2.6.3.jar;C:\Users\Kubek\.m2\repository\org\springframework\boot\spring-boot-starter\2.6.3\spring-boot-starter-2.6.3.jar;C:\Users\Kubek\.m2\repository\org\springframework\boot\spring-boot\2.6.3\spring-boot-2.6.3.jar;C:\Users\Kubek\.m2\repository\org\springframework\boot\spring-boot-autoconfigure\2.6.3\spring-boot-autoconfigure-2.6.3.jar;C:\Users\Kubek\.m2\repository\org\springframework\boot\spring-boot-starter-logging\2.6.3\spring-boot-starter-logging-2.6.3.jar;C:\Users\Kubek\.m2\repository\ch\qos\logback\logback-classic\1.2.10\logback-classic-1.2.10.jar;C:\Users\Kubek\.m2\repository\ch\qos\logback\logback-core\1.2.10\logback-core-1.2.10.jar;C:\Users\Kubek\.m2\repository\org\apache\logging\log4j\log4j-to-slf4j\2.17.1\log4j-to-slf4j-2.17.1.jar;C:\Users\Kubek\.m2\repository\org\apache\logging\log4j\log4j-api\2.17.1\log4j-api-2.17.1.jar;C:\Users\Kubek\.m2\repository\org\slf4j\jul-to-slf4j\1.7.33\jul-to-slf4j-1.7.33.jar;C:\Users\Kubek\.m2\repository\jakarta\annotation\jakarta.annotation-api\1.3.5\jakarta.annotation-api-1.3.5.jar;C:\Users\Kubek\.m2\repository\org\yaml\snakeyaml\1.29\snakeyaml-1.29.jar;C:\Users\Kubek\.m2\repository\org\thymeleaf\thymeleaf-spring5\3.0.14.RELEASE\thymeleaf-spring5-3.0.14.RELEASE.jar;C:\Users\Kubek\.m2\repository\org\thymeleaf\thymeleaf\3.0.14.RELEASE\thymeleaf-3.0.14.RELEASE.jar;C:\Users\Kubek\.m2\repository\org\attoparser\attoparser\2.0.5.RELEASE\attoparser-2.0.5.RELEASE.jar;C:\Users\Kubek\.m2\repository\org\unbescape\unbescape\1.1.6.RELEASE\unbescape-1.1.6.RELEASE.jar;C:\Users\Kubek\.m2\repository\org\slf4j\slf4j-api\1.7.33\slf4j-api-1.7.33.jar;C:\Users\Kubek\.m2\repository\org\thymeleaf\extras\thymeleaf-extras-java8time\3.0.4.RELEASE\thymeleaf-extras-java8time-3.0.4.RELEASE.jar;C:\Users\Kubek\.m2\repository\org\springframework
Launcher Type: SUN_STANDARD

[Global flags]
     intx CICompilerCount                          = 3                                         {product} {ergonomic}
     uint ConcGCThreads                            = 1                                         {product} {ergonomic}
     uint G1ConcRefinementThreads                  = 4                                         {product} {ergonomic}
   size_t G1HeapRegionSize                         = 1048576                                   {product} {ergonomic}
    uintx GCDrainStackTargetSize                   = 64                                        {product} {ergonomic}
   size_t InitialHeapSize                          = 132120576                                 {product} {ergonomic}
     bool ManagementServer                         = true                                      {product} {command line}
   size_t MarkStackSize                            = 4194304                                   {product} {ergonomic}
   size_t MaxHeapSize                              = 2113929216                                {product} {ergonomic}
   size_t MinHeapDeltaBytes                        = 1048576                                   {product} {ergonomic}
   size_t MinHeapSize                              = 8388608                                   {product} {ergonomic}
    uintx NonNMethodCodeHeapSize                   = 6973028                                {pd product} {ergonomic}
    uintx NonProfiledCodeHeapSize                  = 244685212                              {pd product} {ergonomic}
    uintx ProfiledCodeHeapSize                     = 0                                      {pd product} {ergonomic}
    uintx ReservedCodeCacheSize                    = 251658240                              {pd product} {ergonomic}
     bool SegmentedCodeCache                       = true                                      {product} {ergonomic}
   size_t SoftMaxHeapSize                          = 2113929216                             {manageable} {ergonomic}
     intx TieredStopAtLevel                        = 1                                         {product} {command line}
     bool UseCompressedClassPointers               = true                           {product lp64_product} {ergonomic}
     bool UseCompressedOops                        = true                           {product lp64_product} {ergonomic}
     bool UseG1GC                                  = true                                      {product} {ergonomic}
     bool UseLargePagesIndividualAllocation        = false                                  {pd product} {ergonomic}

Logging:
Log output configuration:
 #0: stdout all=warning uptime,level,tags
 #1: stderr all=off uptime,level,tags

Environment Variables:
PATH=C:\Program Files\Common Files\Oracle\Java\javapath;D:\Programy\VMware Player\bin\;C:\Program Files (x86)\Common Files\Oracle\Java\javapath;C:\Program Files\Microsoft MPI\Bin\;C:\ProgramData\Oracle\Java\javapath;C:\WINDOWS\system32;C:\WINDOWS;C:\WINDOWS\System32\Wbem;C:\WINDOWS\System32\WindowsPowerShell\v1.0\;C:\Program Files (x86)\NVIDIA Corporation\PhysX\Common;C:\WINDOWS\system32;C:\WINDOWS;C:\WINDOWS\System32\Wbem;C:\WINDOWS\System32\WindowsPowerShell\v1.0\;D:\Programy\PuTTY\;C:\WINDOWS\System32\OpenSSH\;C:\Program Files\dotnet\;C:\Program Files\Microsoft SQL Server\130\Tools\Binn\;C:\ProgramData\ComposerSetup\bin;C:\ProgramData\chocolatey\bin;D:\Programy\php\7.3.1;D:\Programy\Brackets\command;C:\Program Files\Microsoft SQL Server\Client SDK\ODBC\170\Tools\Binn\;d:\Programy\FANUC\Shared\Utilities;d:\Programy\FANUC\WinOLPC\bin;C:\Program Files\nodejs\;d:\Programy\Git\cmd;D:\Programy\Python\Python38-32;D:\Programy\Python\Python38-32\Scripts;C:\Program Files (x86)\dotnet\;C:\Users\Kubek\AppData\Local\Programs\Python\Python310\Scripts\;C:\Users\Kubek\AppData\Local\Programs\Python\Python310\;C:\Program Files\MySQL\MySQL Shell 8.0\bin\;C:\Users\Kubek\AppData\Local\Microsoft\WindowsApps;C:\Users\Kubek\AppData\Local\GitHubDesktop\bin;d:\Programy\Microsoft VS Code\bin;C:\Users\Kubek\AppData\Roaming\Composer\vendor\bin;C:\tools\dart-sdk\bin;C:\Users\Kubek\AppData\Roaming\Pub\Cache\bin;C:\Users\Kubek\AppData\Roaming\npm;C:\Users\Kubek\AppData\Local\atom\bin;C:\Users\Kubek\AppData\Local\Programs\Python\Python38-32\Scripts\Lib\site-packages\pip;D:\Programy\Python\Python38-32;D:\Programy\Python\Python38-32\Scripts;;d:\Programy\PyCharm Community Edition 2020.3.4\bin;;C:\Users\Kubek\AppData\Local\Microsoft\WindowsApps;d:\Programy\heroku\bin
USERNAME=Kubek
OS=Windows_NT
PROCESSOR_IDENTIFIER=Intel64 Family 6 Model 58 Stepping 9, GenuineIntel



---------------  S Y S T E M  ---------------

OS:
 Windows 10 , 64 bit Build 19041 (10.0.19041.1348)
OS uptime: 1 days 7:02 hours

CPU: total 4 (initial active 4) (2 cores per cpu, 2 threads per core) family 6 model 58 stepping 9 microcode 0x21, cx8, cmov, fxsr, ht, mmx, sse, sse2, sse3, ssse3, sse4.1, sse4.2, popcnt, tsc, tscinvbit, avx, aes, erms, clmul, vzeroupper, clflush

Memory: 4k page, system-wide physical 8057M (604M free)
TotalPageFile size 8057M (AvailPageFile size 126M)
current process WorkingSet (physical memory assigned to process): 10M, peak: 10M
current process commit charge ("private bytes"): 49M, peak: 175M

vm_info: Java HotSpot(TM) 64-Bit Server VM (16.0.1+9-24) for windows-amd64 JRE (16.0.1+9-24), built on Mar 26 2021 19:31:42 by "mach5one" with MS VC++ 16.7 (VS2019)

END.
